2020-03-09 16:04:10.304  INFO 17628 --- [main] c.e.schedule.ScheduleApplicationTests    : Starting ScheduleApplicationTests on WIN-UNMVK2M4DOL with PID 17628 (started by Administrator in C:\Users\Administrator\Desktop\博客\linux\study-demo-01-master\study-demo-01-master\schedule)
2020-03-09 16:04:10.306  INFO 17628 --- [main] c.e.schedule.ScheduleApplicationTests    : No active profile set, falling back to default profiles: default
2020-03-09 16:04:12.390  INFO 17628 --- [main] o.s.s.concurrent.ThreadPoolTaskExecutor  : Initializing ExecutorService 'applicationTaskExecutor'
2020-03-09 16:04:12.869  INFO 17628 --- [main] o.s.s.c.ThreadPoolTaskScheduler          : Initializing ExecutorService 'taskScheduler'
2020-03-09 16:04:12.953  INFO 17628 --- [main] c.e.schedule.ScheduleApplicationTests    : Started ScheduleApplicationTests in 3.072 seconds (JVM running for 4.176)
2020-03-09 16:04:13.336  INFO 17628 --- [main] c.e.schedule.ScheduleApplicationTests    : 记录日志
2020-03-09 16:04:13.345  INFO 17628 --- [Thread-2] o.s.s.c.ThreadPoolTaskScheduler          : Shutting down ExecutorService 'taskScheduler'
2020-03-09 16:04:13.346  INFO 17628 --- [Thread-2] o.s.s.concurrent.ThreadPoolTaskExecutor  : Shutting down ExecutorService 'applicationTaskExecutor'
2020-03-09 16:22:54.732  INFO 7188 --- [main] c.e.schedule.ScheduleApplicationTests    : Starting ScheduleApplicationTests on WIN-UNMVK2M4DOL with PID 7188 (started by Administrator in C:\Users\Administrator\Desktop\博客\linux\study-demo-01-master\study-demo-01-master\schedule)
2020-03-09 16:22:54.734  INFO 7188 --- [main] c.e.schedule.ScheduleApplicationTests    : No active profile set, falling back to default profiles: default
2020-03-09 16:22:56.678  INFO 7188 --- [main] o.s.s.concurrent.ThreadPoolTaskExecutor  : Initializing ExecutorService 'applicationTaskExecutor'
2020-03-09 16:22:57.099  INFO 7188 --- [main] o.s.s.c.ThreadPoolTaskScheduler          : Initializing ExecutorService 'taskScheduler'
2020-03-09 16:22:57.172  INFO 7188 --- [main] c.e.schedule.ScheduleApplicationTests    : Started ScheduleApplicationTests in 2.95 seconds (JVM running for 4.153)
2020-03-09 16:22:57.545  INFO 7188 --- [main] c.e.schedule.ScheduleApplicationTests    : 记录日志
2020-03-09 16:22:57.555  INFO 7188 --- [Thread-2] o.s.s.c.ThreadPoolTaskScheduler          : Shutting down ExecutorService 'taskScheduler'
2020-03-09 16:22:57.555  INFO 7188 --- [Thread-2] o.s.s.concurrent.ThreadPoolTaskExecutor  : Shutting down ExecutorService 'applicationTaskExecutor'
2020-03-09 16:23:47.874  INFO 11940 --- [main] c.e.schedule.ScheduleApplicationTests    : Starting ScheduleApplicationTests on WIN-UNMVK2M4DOL with PID 11940 (started by Administrator in C:\Users\Administrator\Desktop\博客\linux\study-demo-01-master\study-demo-01-master\schedule)
2020-03-09 16:23:47.877  INFO 11940 --- [main] c.e.schedule.ScheduleApplicationTests    : No active profile set, falling back to default profiles: default
2020-03-09 16:23:50.092  INFO 11940 --- [main] o.s.s.concurrent.ThreadPoolTaskExecutor  : Initializing ExecutorService 'applicationTaskExecutor'
2020-03-09 16:23:50.523  INFO 11940 --- [main] o.s.s.c.ThreadPoolTaskScheduler          : Initializing ExecutorService 'taskScheduler'
2020-03-09 16:23:50.593  INFO 11940 --- [main] c.e.schedule.ScheduleApplicationTests    : Started ScheduleApplicationTests in 3.358 seconds (JVM running for 4.479)
2020-03-09 16:23:50.919  INFO 11940 --- [main] c.e.schedule.ScheduleApplicationTests    : 记录日志
2020-03-09 16:23:50.928  INFO 11940 --- [Thread-2] o.s.s.c.ThreadPoolTaskScheduler          : Shutting down ExecutorService 'taskScheduler'
2020-03-09 16:23:50.929  INFO 11940 --- [Thread-2] o.s.s.concurrent.ThreadPoolTaskExecutor  : Shutting down ExecutorService 'applicationTaskExecutor'
2020-03-09 16:57:55.573  INFO 18644 --- [main] c.example.schedule.ScheduleApplication   : Starting ScheduleApplication on WIN-UNMVK2M4DOL with PID 18644 (started by Administrator in C:\Users\Administrator\Desktop\博客\linux\study-demo-01-master\study-demo-01-master\schedule)
2020-03-09 16:57:55.576  INFO 18644 --- [main] c.example.schedule.ScheduleApplication   : No active profile set, falling back to default profiles: default
2020-03-09 16:57:57.140  INFO 18644 --- [main] o.s.b.w.embedded.tomcat.TomcatWebServer  : Tomcat initialized with port(s): 8080 (http)
2020-03-09 16:57:57.254  INFO 18644 --- [main] o.apache.catalina.core.StandardService   : Starting service [Tomcat]
2020-03-09 16:57:57.255  INFO 18644 --- [main] org.apache.catalina.core.StandardEngine  : Starting Servlet engine: [Apache Tomcat/9.0.31]
2020-03-09 16:57:57.696  INFO 18644 --- [main] o.a.c.c.C.[Tomcat].[localhost].[/]       : Initializing Spring embedded WebApplicationContext
2020-03-09 16:57:57.696  INFO 18644 --- [main] o.s.web.context.ContextLoader            : Root WebApplicationContext: initialization completed in 2075 ms
2020-03-09 16:57:57.801  WARN 18644 --- [main] ConfigServletWebServerApplicationContext : Exception encountered during context initialization - cancelling refresh attempt: org.springframework.beans.factory.BeanCreationException: Error creating bean with name 'controller': Injection of resource dependencies failed; nested exception is org.springframework.beans.factory.NoSuchBeanDefinitionException: No qualifying bean of type 'com.example.schedule.service.AsyncService' available: expected at least 1 bean which qualifies as autowire candidate. Dependency annotations: {@javax.annotation.Resource(shareable=true, lookup=, name=, description=, authenticationType=CONTAINER, type=class java.lang.Object, mappedName=)}
2020-03-09 16:57:57.806  INFO 18644 --- [main] o.apache.catalina.core.StandardService   : Stopping service [Tomcat]
2020-03-09 16:57:57.829  INFO 18644 --- [main] ConditionEvaluationReportLoggingListener : 

Error starting ApplicationContext. To display the conditions report re-run your application with 'debug' enabled.
2020-03-09 16:57:58.099 ERROR 18644 --- [main] o.s.b.d.LoggingFailureAnalysisReporter   : 

***************************
APPLICATION FAILED TO START
***************************

Description:

A component required a bean of type 'com.example.schedule.service.AsyncService' that could not be found.


Action:

Consider defining a bean of type 'com.example.schedule.service.AsyncService' in your configuration.

2020-03-09 16:58:18.904  INFO 11764 --- [main] c.example.schedule.ScheduleApplication   : Starting ScheduleApplication on WIN-UNMVK2M4DOL with PID 11764 (started by Administrator in C:\Users\Administrator\Desktop\博客\linux\study-demo-01-master\study-demo-01-master\schedule)
2020-03-09 16:58:18.907  INFO 11764 --- [main] c.example.schedule.ScheduleApplication   : No active profile set, falling back to default profiles: default
2020-03-09 16:58:19.968  INFO 11764 --- [main] o.s.b.w.embedded.tomcat.TomcatWebServer  : Tomcat initialized with port(s): 8080 (http)
2020-03-09 16:58:19.989  INFO 11764 --- [main] o.apache.catalina.core.StandardService   : Starting service [Tomcat]
2020-03-09 16:58:19.990  INFO 11764 --- [main] org.apache.catalina.core.StandardEngine  : Starting Servlet engine: [Apache Tomcat/9.0.31]
2020-03-09 16:58:20.110  INFO 11764 --- [main] o.a.c.c.C.[Tomcat].[localhost].[/]       : Initializing Spring embedded WebApplicationContext
2020-03-09 16:58:20.110  INFO 11764 --- [main] o.s.web.context.ContextLoader            : Root WebApplicationContext: initialization completed in 1148 ms
2020-03-09 16:58:20.319  INFO 11764 --- [main] o.s.s.concurrent.ThreadPoolTaskExecutor  : Initializing ExecutorService 'applicationTaskExecutor'
2020-03-09 16:58:20.551  INFO 11764 --- [main] o.s.s.c.ThreadPoolTaskScheduler          : Initializing ExecutorService 'taskScheduler'
2020-03-09 16:58:20.836  INFO 11764 --- [main] o.s.b.w.embedded.tomcat.TomcatWebServer  : Tomcat started on port(s): 8080 (http) with context path ''
2020-03-09 16:58:20.839  INFO 11764 --- [main] c.example.schedule.ScheduleApplication   : Started ScheduleApplication in 2.37 seconds (JVM running for 3.318)
2020-03-09 16:58:28.914  INFO 11764 --- [http-nio-8080-exec-1] o.apache.tomcat.util.http.parser.Cookie  : A cookie header was received [1582945136,1582988244,1583052839] that contained an invalid cookie. That cookie will be ignored.
 Note: further occurrences of this error will be logged at DEBUG level.
2020-03-09 16:58:28.959  INFO 11764 --- [http-nio-8080-exec-1] o.a.c.c.C.[Tomcat].[localhost].[/]       : Initializing Spring DispatcherServlet 'dispatcherServlet'
2020-03-09 16:58:28.959  INFO 11764 --- [http-nio-8080-exec-1] o.s.web.servlet.DispatcherServlet        : Initializing Servlet 'dispatcherServlet'
2020-03-09 16:58:29.015  INFO 11764 --- [http-nio-8080-exec-1] o.s.web.servlet.DispatcherServlet        : Completed initialization in 55 ms
2020-03-09 17:00:52.600  INFO 9608 --- [main] c.example.schedule.ScheduleApplication   : Starting ScheduleApplication on WIN-UNMVK2M4DOL with PID 9608 (started by Administrator in C:\Users\Administrator\Desktop\博客\linux\study-demo-01-master\study-demo-01-master\schedule)
2020-03-09 17:00:52.605  INFO 9608 --- [main] c.example.schedule.ScheduleApplication   : No active profile set, falling back to default profiles: default
2020-03-09 17:00:53.755  INFO 9608 --- [main] o.s.b.w.embedded.tomcat.TomcatWebServer  : Tomcat initialized with port(s): 8080 (http)
2020-03-09 17:00:53.777  INFO 9608 --- [main] o.apache.catalina.core.StandardService   : Starting service [Tomcat]
2020-03-09 17:00:53.778  INFO 9608 --- [main] org.apache.catalina.core.StandardEngine  : Starting Servlet engine: [Apache Tomcat/9.0.31]
2020-03-09 17:00:53.898  INFO 9608 --- [main] o.a.c.c.C.[Tomcat].[localhost].[/]       : Initializing Spring embedded WebApplicationContext
2020-03-09 17:00:53.898  INFO 9608 --- [main] o.s.web.context.ContextLoader            : Root WebApplicationContext: initialization completed in 1206 ms
2020-03-09 17:00:54.112  INFO 9608 --- [main] o.s.s.concurrent.ThreadPoolTaskExecutor  : Initializing ExecutorService 'applicationTaskExecutor'
2020-03-09 17:00:54.268  INFO 9608 --- [main] o.s.s.c.ThreadPoolTaskScheduler          : Initializing ExecutorService 'taskScheduler'
2020-03-09 17:00:54.327  INFO 9608 --- [main] o.s.b.w.embedded.tomcat.TomcatWebServer  : Tomcat started on port(s): 8080 (http) with context path ''
2020-03-09 17:00:54.332  INFO 9608 --- [main] c.example.schedule.ScheduleApplication   : Started ScheduleApplication in 2.264 seconds (JVM running for 3.136)
2020-03-09 17:00:57.656  INFO 9608 --- [http-nio-8080-exec-1] o.apache.tomcat.util.http.parser.Cookie  : A cookie header was received [1582945136,1582988244,1583052839] that contained an invalid cookie. That cookie will be ignored.
 Note: further occurrences of this error will be logged at DEBUG level.
2020-03-09 17:00:57.663  INFO 9608 --- [http-nio-8080-exec-1] o.a.c.c.C.[Tomcat].[localhost].[/]       : Initializing Spring DispatcherServlet 'dispatcherServlet'
2020-03-09 17:00:57.663  INFO 9608 --- [http-nio-8080-exec-1] o.s.web.servlet.DispatcherServlet        : Initializing Servlet 'dispatcherServlet'
2020-03-09 17:00:57.671  INFO 9608 --- [http-nio-8080-exec-1] o.s.web.servlet.DispatcherServlet        : Completed initialization in 7 ms
2020-03-09 17:03:54.285  INFO 13212 --- [main] c.example.schedule.ScheduleApplication   : Starting ScheduleApplication on WIN-UNMVK2M4DOL with PID 13212 (started by Administrator in C:\Users\Administrator\Desktop\博客\linux\study-demo-01-master\study-demo-01-master\schedule)
2020-03-09 17:03:54.289  INFO 13212 --- [main] c.example.schedule.ScheduleApplication   : No active profile set, falling back to default profiles: default
2020-03-09 17:03:55.369  INFO 13212 --- [main] o.s.b.w.embedded.tomcat.TomcatWebServer  : Tomcat initialized with port(s): 8080 (http)
2020-03-09 17:03:55.391  INFO 13212 --- [main] o.apache.catalina.core.StandardService   : Starting service [Tomcat]
2020-03-09 17:03:55.392  INFO 13212 --- [main] org.apache.catalina.core.StandardEngine  : Starting Servlet engine: [Apache Tomcat/9.0.31]
2020-03-09 17:03:55.517  INFO 13212 --- [main] o.a.c.c.C.[Tomcat].[localhost].[/]       : Initializing Spring embedded WebApplicationContext
2020-03-09 17:03:55.518  INFO 13212 --- [main] o.s.web.context.ContextLoader            : Root WebApplicationContext: initialization completed in 1179 ms
2020-03-09 17:03:55.760  INFO 13212 --- [main] o.s.s.concurrent.ThreadPoolTaskExecutor  : Initializing ExecutorService 'applicationTaskExecutor'
2020-03-09 17:03:55.924  INFO 13212 --- [main] o.s.s.c.ThreadPoolTaskScheduler          : Initializing ExecutorService 'taskScheduler'
2020-03-09 17:03:55.987  INFO 13212 --- [main] o.s.b.w.embedded.tomcat.TomcatWebServer  : Tomcat started on port(s): 8080 (http) with context path ''
2020-03-09 17:03:55.991  INFO 13212 --- [main] c.example.schedule.ScheduleApplication   : Started ScheduleApplication in 2.125 seconds (JVM running for 2.992)
2020-03-09 17:04:02.811  INFO 13212 --- [http-nio-8080-exec-1] o.apache.tomcat.util.http.parser.Cookie  : A cookie header was received [1582945136,1582988244,1583052839] that contained an invalid cookie. That cookie will be ignored.
 Note: further occurrences of this error will be logged at DEBUG level.
2020-03-09 17:04:02.818  INFO 13212 --- [http-nio-8080-exec-1] o.a.c.c.C.[Tomcat].[localhost].[/]       : Initializing Spring DispatcherServlet 'dispatcherServlet'
2020-03-09 17:04:02.819  INFO 13212 --- [http-nio-8080-exec-1] o.s.web.servlet.DispatcherServlet        : Initializing Servlet 'dispatcherServlet'
2020-03-09 17:04:02.825  INFO 13212 --- [http-nio-8080-exec-1] o.s.web.servlet.DispatcherServlet        : Completed initialization in 5 ms
2020-03-09 17:04:37.830  INFO 14696 --- [main] c.example.schedule.ScheduleApplication   : Starting ScheduleApplication on WIN-UNMVK2M4DOL with PID 14696 (started by Administrator in C:\Users\Administrator\Desktop\博客\linux\study-demo-01-master\study-demo-01-master\schedule)
2020-03-09 17:04:37.833  INFO 14696 --- [main] c.example.schedule.ScheduleApplication   : No active profile set, falling back to default profiles: default
2020-03-09 17:04:38.886  INFO 14696 --- [main] o.s.b.w.embedded.tomcat.TomcatWebServer  : Tomcat initialized with port(s): 8080 (http)
2020-03-09 17:04:38.906  INFO 14696 --- [main] o.apache.catalina.core.StandardService   : Starting service [Tomcat]
2020-03-09 17:04:38.907  INFO 14696 --- [main] org.apache.catalina.core.StandardEngine  : Starting Servlet engine: [Apache Tomcat/9.0.31]
2020-03-09 17:04:39.042  INFO 14696 --- [main] o.a.c.c.C.[Tomcat].[localhost].[/]       : Initializing Spring embedded WebApplicationContext
2020-03-09 17:04:39.042  INFO 14696 --- [main] o.s.web.context.ContextLoader            : Root WebApplicationContext: initialization completed in 1148 ms
2020-03-09 17:04:39.261  INFO 14696 --- [main] o.s.s.concurrent.ThreadPoolTaskExecutor  : Initializing ExecutorService 'applicationTaskExecutor'
2020-03-09 17:04:39.399  INFO 14696 --- [main] o.s.s.c.ThreadPoolTaskScheduler          : Initializing ExecutorService 'taskScheduler'
2020-03-09 17:04:39.449  INFO 14696 --- [main] o.s.b.w.embedded.tomcat.TomcatWebServer  : Tomcat started on port(s): 8080 (http) with context path ''
2020-03-09 17:04:39.452  INFO 14696 --- [main] c.example.schedule.ScheduleApplication   : Started ScheduleApplication in 2.025 seconds (JVM running for 2.866)
2020-03-09 17:04:48.804  INFO 14696 --- [http-nio-8080-exec-1] o.apache.tomcat.util.http.parser.Cookie  : A cookie header was received [1582945136,1582988244,1583052839] that contained an invalid cookie. That cookie will be ignored.
 Note: further occurrences of this error will be logged at DEBUG level.
2020-03-09 17:04:48.813  INFO 14696 --- [http-nio-8080-exec-1] o.a.c.c.C.[Tomcat].[localhost].[/]       : Initializing Spring DispatcherServlet 'dispatcherServlet'
2020-03-09 17:04:48.813  INFO 14696 --- [http-nio-8080-exec-1] o.s.web.servlet.DispatcherServlet        : Initializing Servlet 'dispatcherServlet'
2020-03-09 17:04:48.820  INFO 14696 --- [http-nio-8080-exec-1] o.s.web.servlet.DispatcherServlet        : Completed initialization in 6 ms
2020-03-09 17:05:34.273  INFO 11876 --- [main] c.example.schedule.ScheduleApplication   : Starting ScheduleApplication on WIN-UNMVK2M4DOL with PID 11876 (started by Administrator in C:\Users\Administrator\Desktop\博客\linux\study-demo-01-master\study-demo-01-master\schedule)
2020-03-09 17:05:34.279  INFO 11876 --- [main] c.example.schedule.ScheduleApplication   : No active profile set, falling back to default profiles: default
2020-03-09 17:05:35.588  INFO 11876 --- [main] o.s.b.w.embedded.tomcat.TomcatWebServer  : Tomcat initialized with port(s): 8080 (http)
2020-03-09 17:05:35.616  INFO 11876 --- [main] o.apache.catalina.core.StandardService   : Starting service [Tomcat]
2020-03-09 17:05:35.617  INFO 11876 --- [main] org.apache.catalina.core.StandardEngine  : Starting Servlet engine: [Apache Tomcat/9.0.31]
2020-03-09 17:05:35.768  INFO 11876 --- [main] o.a.c.c.C.[Tomcat].[localhost].[/]       : Initializing Spring embedded WebApplicationContext
2020-03-09 17:05:35.769  INFO 11876 --- [main] o.s.web.context.ContextLoader            : Root WebApplicationContext: initialization completed in 1393 ms
2020-03-09 17:05:36.037  INFO 11876 --- [main] o.s.s.concurrent.ThreadPoolTaskExecutor  : Initializing ExecutorService 'applicationTaskExecutor'
2020-03-09 17:05:36.219  INFO 11876 --- [main] o.s.s.c.ThreadPoolTaskScheduler          : Initializing ExecutorService 'taskScheduler'
2020-03-09 17:05:36.280  INFO 11876 --- [main] o.s.b.w.embedded.tomcat.TomcatWebServer  : Tomcat started on port(s): 8080 (http) with context path ''
2020-03-09 17:05:36.283  INFO 11876 --- [main] c.example.schedule.ScheduleApplication   : Started ScheduleApplication in 2.412 seconds (JVM running for 3.295)
2020-03-09 17:05:41.522  INFO 11876 --- [http-nio-8080-exec-1] o.apache.tomcat.util.http.parser.Cookie  : A cookie header was received [1582945136,1582988244,1583052839] that contained an invalid cookie. That cookie will be ignored.
 Note: further occurrences of this error will be logged at DEBUG level.
2020-03-09 17:05:41.528  INFO 11876 --- [http-nio-8080-exec-1] o.a.c.c.C.[Tomcat].[localhost].[/]       : Initializing Spring DispatcherServlet 'dispatcherServlet'
2020-03-09 17:05:41.528  INFO 11876 --- [http-nio-8080-exec-1] o.s.web.servlet.DispatcherServlet        : Initializing Servlet 'dispatcherServlet'
2020-03-09 17:05:41.534  INFO 11876 --- [http-nio-8080-exec-1] o.s.web.servlet.DispatcherServlet        : Completed initialization in 5 ms
2020-03-09 17:06:09.438  INFO 6800 --- [main] c.example.schedule.ScheduleApplication   : Starting ScheduleApplication on WIN-UNMVK2M4DOL with PID 6800 (started by Administrator in C:\Users\Administrator\Desktop\博客\linux\study-demo-01-master\study-demo-01-master\schedule)
2020-03-09 17:06:09.442  INFO 6800 --- [main] c.example.schedule.ScheduleApplication   : No active profile set, falling back to default profiles: default
2020-03-09 17:06:10.564  INFO 6800 --- [main] o.s.b.w.embedded.tomcat.TomcatWebServer  : Tomcat initialized with port(s): 8080 (http)
2020-03-09 17:06:10.586  INFO 6800 --- [main] o.apache.catalina.core.StandardService   : Starting service [Tomcat]
2020-03-09 17:06:10.587  INFO 6800 --- [main] org.apache.catalina.core.StandardEngine  : Starting Servlet engine: [Apache Tomcat/9.0.31]
2020-03-09 17:06:10.791  INFO 6800 --- [main] o.a.c.c.C.[Tomcat].[localhost].[/]       : Initializing Spring embedded WebApplicationContext
2020-03-09 17:06:10.791  INFO 6800 --- [main] o.s.web.context.ContextLoader            : Root WebApplicationContext: initialization completed in 1282 ms
2020-03-09 17:06:11.033  INFO 6800 --- [main] o.s.s.concurrent.ThreadPoolTaskExecutor  : Initializing ExecutorService 'applicationTaskExecutor'
2020-03-09 17:06:11.192  INFO 6800 --- [main] o.s.s.c.ThreadPoolTaskScheduler          : Initializing ExecutorService 'taskScheduler'
2020-03-09 17:06:11.251  INFO 6800 --- [main] o.s.b.w.embedded.tomcat.TomcatWebServer  : Tomcat started on port(s): 8080 (http) with context path ''
2020-03-09 17:06:11.255  INFO 6800 --- [main] c.example.schedule.ScheduleApplication   : Started ScheduleApplication in 2.484 seconds (JVM running for 3.381)
2020-03-09 17:06:21.495  INFO 6800 --- [http-nio-8080-exec-1] o.apache.tomcat.util.http.parser.Cookie  : A cookie header was received [1582945136,1582988244,1583052839] that contained an invalid cookie. That cookie will be ignored.
 Note: further occurrences of this error will be logged at DEBUG level.
2020-03-09 17:06:21.501  INFO 6800 --- [http-nio-8080-exec-1] o.a.c.c.C.[Tomcat].[localhost].[/]       : Initializing Spring DispatcherServlet 'dispatcherServlet'
2020-03-09 17:06:21.501  INFO 6800 --- [http-nio-8080-exec-1] o.s.web.servlet.DispatcherServlet        : Initializing Servlet 'dispatcherServlet'
2020-03-09 17:06:21.508  INFO 6800 --- [http-nio-8080-exec-1] o.s.web.servlet.DispatcherServlet        : Completed initialization in 6 ms
2020-03-09 17:09:44.442  INFO 9916 --- [main] c.example.schedule.ScheduleApplication   : Starting ScheduleApplication on WIN-UNMVK2M4DOL with PID 9916 (started by Administrator in C:\Users\Administrator\Desktop\博客\linux\study-demo-01-master\study-demo-01-master\schedule)
2020-03-09 17:09:44.445  INFO 9916 --- [main] c.example.schedule.ScheduleApplication   : No active profile set, falling back to default profiles: default
2020-03-09 17:09:45.660  INFO 9916 --- [main] o.s.b.w.embedded.tomcat.TomcatWebServer  : Tomcat initialized with port(s): 8080 (http)
2020-03-09 17:09:45.681  INFO 9916 --- [main] o.apache.catalina.core.StandardService   : Starting service [Tomcat]
2020-03-09 17:09:45.682  INFO 9916 --- [main] org.apache.catalina.core.StandardEngine  : Starting Servlet engine: [Apache Tomcat/9.0.31]
2020-03-09 17:09:45.802  INFO 9916 --- [main] o.a.c.c.C.[Tomcat].[localhost].[/]       : Initializing Spring embedded WebApplicationContext
2020-03-09 17:09:45.802  INFO 9916 --- [main] o.s.web.context.ContextLoader            : Root WebApplicationContext: initialization completed in 1297 ms
2020-03-09 17:09:46.002  INFO 9916 --- [main] o.s.s.concurrent.ThreadPoolTaskExecutor  : Initializing ExecutorService 'applicationTaskExecutor'
2020-03-09 17:09:46.214  INFO 9916 --- [main] o.s.s.c.ThreadPoolTaskScheduler          : Initializing ExecutorService 'taskScheduler'
2020-03-09 17:09:46.270  INFO 9916 --- [main] o.s.b.w.embedded.tomcat.TomcatWebServer  : Tomcat started on port(s): 8080 (http) with context path ''
2020-03-09 17:09:46.274  INFO 9916 --- [main] c.example.schedule.ScheduleApplication   : Started ScheduleApplication in 2.289 seconds (JVM running for 3.236)
2020-03-09 17:09:52.166  INFO 9916 --- [http-nio-8080-exec-1] o.apache.tomcat.util.http.parser.Cookie  : A cookie header was received [1582945136,1582988244,1583052839] that contained an invalid cookie. That cookie will be ignored.
 Note: further occurrences of this error will be logged at DEBUG level.
2020-03-09 17:09:52.179  INFO 9916 --- [http-nio-8080-exec-1] o.a.c.c.C.[Tomcat].[localhost].[/]       : Initializing Spring DispatcherServlet 'dispatcherServlet'
2020-03-09 17:09:52.180  INFO 9916 --- [http-nio-8080-exec-1] o.s.web.servlet.DispatcherServlet        : Initializing Servlet 'dispatcherServlet'
2020-03-09 17:09:52.186  INFO 9916 --- [http-nio-8080-exec-1] o.s.web.servlet.DispatcherServlet        : Completed initialization in 6 ms
2020-03-09 17:10:32.312  INFO 6072 --- [main] c.example.schedule.ScheduleApplication   : Starting ScheduleApplication on WIN-UNMVK2M4DOL with PID 6072 (started by Administrator in C:\Users\Administrator\Desktop\博客\linux\study-demo-01-master\study-demo-01-master\schedule)
2020-03-09 17:10:32.317  INFO 6072 --- [main] c.example.schedule.ScheduleApplication   : No active profile set, falling back to default profiles: default
2020-03-09 17:10:33.511  INFO 6072 --- [main] o.s.b.w.embedded.tomcat.TomcatWebServer  : Tomcat initialized with port(s): 8080 (http)
2020-03-09 17:10:33.534  INFO 6072 --- [main] o.apache.catalina.core.StandardService   : Starting service [Tomcat]
2020-03-09 17:10:33.536  INFO 6072 --- [main] org.apache.catalina.core.StandardEngine  : Starting Servlet engine: [Apache Tomcat/9.0.31]
2020-03-09 17:10:33.677  INFO 6072 --- [main] o.a.c.c.C.[Tomcat].[localhost].[/]       : Initializing Spring embedded WebApplicationContext
2020-03-09 17:10:33.677  INFO 6072 --- [main] o.s.web.context.ContextLoader            : Root WebApplicationContext: initialization completed in 1298 ms
2020-03-09 17:10:33.947  INFO 6072 --- [main] o.s.s.concurrent.ThreadPoolTaskExecutor  : Initializing ExecutorService 'applicationTaskExecutor'
2020-03-09 17:10:34.016  INFO 6072 --- [main] o.s.b.a.w.s.WelcomePageHandlerMapping    : Adding welcome page template: index
2020-03-09 17:10:34.167  INFO 6072 --- [main] o.s.s.c.ThreadPoolTaskScheduler          : Initializing ExecutorService 'taskScheduler'
2020-03-09 17:10:34.224  INFO 6072 --- [main] o.s.b.w.embedded.tomcat.TomcatWebServer  : Tomcat started on port(s): 8080 (http) with context path ''
2020-03-09 17:10:34.228  INFO 6072 --- [main] c.example.schedule.ScheduleApplication   : Started ScheduleApplication in 2.352 seconds (JVM running for 3.251)
2020-03-09 17:10:38.345  INFO 6072 --- [http-nio-8080-exec-1] o.apache.tomcat.util.http.parser.Cookie  : A cookie header was received [1582945136,1582988244,1583052839] that contained an invalid cookie. That cookie will be ignored.
 Note: further occurrences of this error will be logged at DEBUG level.
2020-03-09 17:10:38.352  INFO 6072 --- [http-nio-8080-exec-1] o.a.c.c.C.[Tomcat].[localhost].[/]       : Initializing Spring DispatcherServlet 'dispatcherServlet'
2020-03-09 17:10:38.354  INFO 6072 --- [http-nio-8080-exec-1] o.s.web.servlet.DispatcherServlet        : Initializing Servlet 'dispatcherServlet'
2020-03-09 17:10:38.360  INFO 6072 --- [http-nio-8080-exec-1] o.s.web.servlet.DispatcherServlet        : Completed initialization in 6 ms
2020-03-09 17:11:18.944  INFO 9432 --- [main] c.example.schedule.ScheduleApplication   : Starting ScheduleApplication on WIN-UNMVK2M4DOL with PID 9432 (started by Administrator in C:\Users\Administrator\Desktop\博客\linux\study-demo-01-master\study-demo-01-master\schedule)
2020-03-09 17:11:18.949  INFO 9432 --- [main] c.example.schedule.ScheduleApplication   : No active profile set, falling back to default profiles: default
2020-03-09 17:11:20.208  INFO 9432 --- [main] o.s.b.w.embedded.tomcat.TomcatWebServer  : Tomcat initialized with port(s): 8080 (http)
2020-03-09 17:11:20.230  INFO 9432 --- [main] o.apache.catalina.core.StandardService   : Starting service [Tomcat]
2020-03-09 17:11:20.231  INFO 9432 --- [main] org.apache.catalina.core.StandardEngine  : Starting Servlet engine: [Apache Tomcat/9.0.31]
2020-03-09 17:11:20.358  INFO 9432 --- [main] o.a.c.c.C.[Tomcat].[localhost].[/]       : Initializing Spring embedded WebApplicationContext
2020-03-09 17:11:20.358  INFO 9432 --- [main] o.s.web.context.ContextLoader            : Root WebApplicationContext: initialization completed in 1339 ms
2020-03-09 17:11:20.602  INFO 9432 --- [main] o.s.s.concurrent.ThreadPoolTaskExecutor  : Initializing ExecutorService 'applicationTaskExecutor'
2020-03-09 17:11:20.670  INFO 9432 --- [main] o.s.b.a.w.s.WelcomePageHandlerMapping    : Adding welcome page template: index
2020-03-09 17:11:20.802  INFO 9432 --- [main] o.s.s.c.ThreadPoolTaskScheduler          : Initializing ExecutorService 'taskScheduler'
2020-03-09 17:11:20.867  INFO 9432 --- [main] o.s.b.w.embedded.tomcat.TomcatWebServer  : Tomcat started on port(s): 8080 (http) with context path ''
2020-03-09 17:11:20.871  INFO 9432 --- [main] c.example.schedule.ScheduleApplication   : Started ScheduleApplication in 2.36 seconds (JVM running for 3.249)
2020-03-09 17:11:29.925  INFO 9432 --- [http-nio-8080-exec-1] o.apache.tomcat.util.http.parser.Cookie  : A cookie header was received [1582945136,1582988244,1583052839] that contained an invalid cookie. That cookie will be ignored.
 Note: further occurrences of this error will be logged at DEBUG level.
2020-03-09 17:11:29.934  INFO 9432 --- [http-nio-8080-exec-1] o.a.c.c.C.[Tomcat].[localhost].[/]       : Initializing Spring DispatcherServlet 'dispatcherServlet'
2020-03-09 17:11:29.936  INFO 9432 --- [http-nio-8080-exec-1] o.s.web.servlet.DispatcherServlet        : Initializing Servlet 'dispatcherServlet'
2020-03-09 17:11:29.942  INFO 9432 --- [http-nio-8080-exec-1] o.s.web.servlet.DispatcherServlet        : Completed initialization in 6 ms
2020-03-09 17:12:13.221  INFO 14736 --- [main] c.example.schedule.ScheduleApplication   : Starting ScheduleApplication on WIN-UNMVK2M4DOL with PID 14736 (started by Administrator in C:\Users\Administrator\Desktop\博客\linux\study-demo-01-master\study-demo-01-master\schedule)
2020-03-09 17:12:13.226  INFO 14736 --- [main] c.example.schedule.ScheduleApplication   : No active profile set, falling back to default profiles: default
2020-03-09 17:12:14.350  INFO 14736 --- [main] o.s.b.w.embedded.tomcat.TomcatWebServer  : Tomcat initialized with port(s): 8080 (http)
2020-03-09 17:12:14.372  INFO 14736 --- [main] o.apache.catalina.core.StandardService   : Starting service [Tomcat]
2020-03-09 17:12:14.373  INFO 14736 --- [main] org.apache.catalina.core.StandardEngine  : Starting Servlet engine: [Apache Tomcat/9.0.31]
2020-03-09 17:12:14.496  INFO 14736 --- [main] o.a.c.c.C.[Tomcat].[localhost].[/]       : Initializing Spring embedded WebApplicationContext
2020-03-09 17:12:14.496  INFO 14736 --- [main] o.s.web.context.ContextLoader            : Root WebApplicationContext: initialization completed in 1216 ms
2020-03-09 17:12:14.702  INFO 14736 --- [main] o.s.s.concurrent.ThreadPoolTaskExecutor  : Initializing ExecutorService 'applicationTaskExecutor'
2020-03-09 17:12:14.762  INFO 14736 --- [main] o.s.b.a.w.s.WelcomePageHandlerMapping    : Adding welcome page template: index
2020-03-09 17:12:14.875  INFO 14736 --- [main] o.s.s.c.ThreadPoolTaskScheduler          : Initializing ExecutorService 'taskScheduler'
2020-03-09 17:12:14.930  INFO 14736 --- [main] o.s.b.w.embedded.tomcat.TomcatWebServer  : Tomcat started on port(s): 8080 (http) with context path ''
2020-03-09 17:12:14.933  INFO 14736 --- [main] c.example.schedule.ScheduleApplication   : Started ScheduleApplication in 2.143 seconds (JVM running for 3.064)
2020-03-09 17:12:21.685  INFO 14736 --- [http-nio-8080-exec-1] o.apache.tomcat.util.http.parser.Cookie  : A cookie header was received [1582945136,1582988244,1583052839] that contained an invalid cookie. That cookie will be ignored.
 Note: further occurrences of this error will be logged at DEBUG level.
2020-03-09 17:12:21.693  INFO 14736 --- [http-nio-8080-exec-1] o.a.c.c.C.[Tomcat].[localhost].[/]       : Initializing Spring DispatcherServlet 'dispatcherServlet'
2020-03-09 17:12:21.694  INFO 14736 --- [http-nio-8080-exec-1] o.s.web.servlet.DispatcherServlet        : Initializing Servlet 'dispatcherServlet'
2020-03-09 17:12:21.701  INFO 14736 --- [http-nio-8080-exec-1] o.s.web.servlet.DispatcherServlet        : Completed initialization in 7 ms
2020-03-09 17:12:54.029  INFO 16936 --- [main] c.example.schedule.ScheduleApplication   : Starting ScheduleApplication on WIN-UNMVK2M4DOL with PID 16936 (started by Administrator in C:\Users\Administrator\Desktop\博客\linux\study-demo-01-master\study-demo-01-master\schedule)
2020-03-09 17:12:54.034  INFO 16936 --- [main] c.example.schedule.ScheduleApplication   : No active profile set, falling back to default profiles: default
2020-03-09 17:12:55.530  INFO 16936 --- [main] o.s.b.w.embedded.tomcat.TomcatWebServer  : Tomcat initialized with port(s): 8080 (http)
2020-03-09 17:12:55.554  INFO 16936 --- [main] o.apache.catalina.core.StandardService   : Starting service [Tomcat]
2020-03-09 17:12:55.556  INFO 16936 --- [main] org.apache.catalina.core.StandardEngine  : Starting Servlet engine: [Apache Tomcat/9.0.31]
2020-03-09 17:12:55.679  INFO 16936 --- [main] o.a.c.c.C.[Tomcat].[localhost].[/]       : Initializing Spring embedded WebApplicationContext
2020-03-09 17:12:55.680  INFO 16936 --- [main] o.s.web.context.ContextLoader            : Root WebApplicationContext: initialization completed in 1578 ms
2020-03-09 17:12:55.929  INFO 16936 --- [main] o.s.s.concurrent.ThreadPoolTaskExecutor  : Initializing ExecutorService 'applicationTaskExecutor'
2020-03-09 17:12:56.148  INFO 16936 --- [main] o.s.s.c.ThreadPoolTaskScheduler          : Initializing ExecutorService 'taskScheduler'
2020-03-09 17:12:56.215  INFO 16936 --- [main] o.s.b.w.embedded.tomcat.TomcatWebServer  : Tomcat started on port(s): 8080 (http) with context path ''
2020-03-09 17:12:56.218  INFO 16936 --- [main] c.example.schedule.ScheduleApplication   : Started ScheduleApplication in 2.613 seconds (JVM running for 3.521)
2020-03-09 17:13:00.259  INFO 16936 --- [http-nio-8080-exec-1] o.apache.tomcat.util.http.parser.Cookie  : A cookie header was received [1582945136,1582988244,1583052839] that contained an invalid cookie. That cookie will be ignored.
 Note: further occurrences of this error will be logged at DEBUG level.
2020-03-09 17:13:00.266  INFO 16936 --- [http-nio-8080-exec-1] o.a.c.c.C.[Tomcat].[localhost].[/]       : Initializing Spring DispatcherServlet 'dispatcherServlet'
2020-03-09 17:13:00.266  INFO 16936 --- [http-nio-8080-exec-1] o.s.web.servlet.DispatcherServlet        : Initializing Servlet 'dispatcherServlet'
2020-03-09 17:13:00.272  INFO 16936 --- [http-nio-8080-exec-1] o.s.web.servlet.DispatcherServlet        : Completed initialization in 5 ms
2020-03-09 18:03:32.232  INFO 19256 --- [main] c.example.schedule.ScheduleApplication   : Starting ScheduleApplication on WIN-UNMVK2M4DOL with PID 19256 (started by Administrator in C:\Users\Administrator\Desktop\博客\linux\study-demo-01-master\study-demo-01-master\schedule)
2020-03-09 18:03:32.236  INFO 19256 --- [main] c.example.schedule.ScheduleApplication   : No active profile set, falling back to default profiles: default
2020-03-09 18:03:34.711  INFO 19256 --- [main] o.s.b.w.embedded.tomcat.TomcatWebServer  : Tomcat initialized with port(s): 8080 (http)
2020-03-09 18:03:34.792  INFO 19256 --- [main] o.apache.catalina.core.StandardService   : Starting service [Tomcat]
2020-03-09 18:03:34.794  INFO 19256 --- [main] org.apache.catalina.core.StandardEngine  : Starting Servlet engine: [Apache Tomcat/9.0.31]
2020-03-09 18:03:34.962  INFO 19256 --- [main] o.a.c.c.C.[Tomcat].[localhost].[/]       : Initializing Spring embedded WebApplicationContext
2020-03-09 18:03:34.963  INFO 19256 --- [main] o.s.web.context.ContextLoader            : Root WebApplicationContext: initialization completed in 2592 ms
2020-03-09 18:03:35.549  INFO 19256 --- [main] o.s.s.concurrent.ThreadPoolTaskExecutor  : Initializing ExecutorService 'applicationTaskExecutor'
2020-03-09 18:03:35.783  INFO 19256 --- [main] o.s.s.c.ThreadPoolTaskScheduler          : Initializing ExecutorService 'taskScheduler'
2020-03-09 18:03:35.891  INFO 19256 --- [main] o.s.b.w.embedded.tomcat.TomcatWebServer  : Tomcat started on port(s): 8080 (http) with context path ''
2020-03-09 18:03:35.894  INFO 19256 --- [main] c.example.schedule.ScheduleApplication   : Started ScheduleApplication in 4.018 seconds (JVM running for 4.851)
2020-03-09 18:03:49.806  INFO 19256 --- [http-nio-8080-exec-1] o.apache.tomcat.util.http.parser.Cookie  : A cookie header was received [1582859995,1583054681; username-localhost-8888="2|1:0|10:1583324825|23:username-localhost-8888|44:ZTExMWUxMDFkOTZiNDA1ZDk5OTYyNjJkY2IzZWNmZTQ=|057d3e1c8aee574d91a336e016c695f85e6bacbc6696fa6a30d8ea6bde96d7f3"; _xsrf=2|a04e4163|ac3ad23d702468be8e0f20e9cc2a1cee|1583324825; monitor_count=7] that contained an invalid cookie. That cookie will be ignored.
 Note: further occurrences of this error will be logged at DEBUG level.
2020-03-09 18:03:49.827  INFO 19256 --- [http-nio-8080-exec-1] o.a.c.c.C.[Tomcat].[localhost].[/]       : Initializing Spring DispatcherServlet 'dispatcherServlet'
2020-03-09 18:03:49.827  INFO 19256 --- [http-nio-8080-exec-1] o.s.web.servlet.DispatcherServlet        : Initializing Servlet 'dispatcherServlet'
2020-03-09 18:03:49.835  INFO 19256 --- [http-nio-8080-exec-1] o.s.web.servlet.DispatcherServlet        : Completed initialization in 7 ms
2020-03-09 18:03:50.239 ERROR 19256 --- [http-nio-8080-exec-1] org.thymeleaf.TemplateEngine             : [THYMELEAF][http-nio-8080-exec-1] Exception processing template "local/inggdex": Error resolving template [local/inggdex], template might not exist or might not be accessible by any of the configured Template Resolvers

org.thymeleaf.exceptions.TemplateInputException: Error resolving template [local/inggdex], template might not exist or might not be accessible by any of the configured Template Resolvers
	at org.thymeleaf.engine.TemplateManager.resolveTemplate(TemplateManager.java:869) ~[thymeleaf-3.0.11.RELEASE.jar:3.0.11.RELEASE]
	at org.thymeleaf.engine.TemplateManager.parseAndProcess(TemplateManager.java:607) ~[thymeleaf-3.0.11.RELEASE.jar:3.0.11.RELEASE]
	at org.thymeleaf.TemplateEngine.process(TemplateEngine.java:1098) [thymeleaf-3.0.11.RELEASE.jar:3.0.11.RELEASE]
	at org.thymeleaf.TemplateEngine.process(TemplateEngine.java:1072) [thymeleaf-3.0.11.RELEASE.jar:3.0.11.RELEASE]
	at org.thymeleaf.spring5.view.ThymeleafView.renderFragment(ThymeleafView.java:362) [thymeleaf-spring5-3.0.11.RELEASE.jar:3.0.11.RELEASE]
	at org.thymeleaf.spring5.view.ThymeleafView.render(ThymeleafView.java:189) [thymeleaf-spring5-3.0.11.RELEASE.jar:3.0.11.RELEASE]
	at org.springframework.web.servlet.DispatcherServlet.render(DispatcherServlet.java:1372) [spring-webmvc-5.1.14.RELEASE.jar:5.1.14.RELEASE]
	at org.springframework.web.servlet.DispatcherServlet.processDispatchResult(DispatcherServlet.java:1118) [spring-webmvc-5.1.14.RELEASE.jar:5.1.14.RELEASE]
	at org.springframework.web.servlet.DispatcherServlet.doDispatch(DispatcherServlet.java:1057) [spring-webmvc-5.1.14.RELEASE.jar:5.1.14.RELEASE]
	at org.springframework.web.servlet.DispatcherServlet.doService(DispatcherServlet.java:943) [spring-webmvc-5.1.14.RELEASE.jar:5.1.14.RELEASE]
	at org.springframework.web.servlet.FrameworkServlet.processRequest(FrameworkServlet.java:1006) [spring-webmvc-5.1.14.RELEASE.jar:5.1.14.RELEASE]
	at org.springframework.web.servlet.FrameworkServlet.doGet(FrameworkServlet.java:898) [spring-webmvc-5.1.14.RELEASE.jar:5.1.14.RELEASE]
	at javax.servlet.http.HttpServlet.service(HttpServlet.java:634) [tomcat-embed-core-9.0.31.jar:9.0.31]
	at org.springframework.web.servlet.FrameworkServlet.service(FrameworkServlet.java:883) [spring-webmvc-5.1.14.RELEASE.jar:5.1.14.RELEASE]
	at javax.servlet.http.HttpServlet.service(HttpServlet.java:741) [tomcat-embed-core-9.0.31.jar:9.0.31]
	at org.apache.catalina.core.ApplicationFilterChain.internalDoFilter(ApplicationFilterChain.java:231) [tomcat-embed-core-9.0.31.jar:9.0.31]
	at org.apache.catalina.core.ApplicationFilterChain.doFilter(ApplicationFilterChain.java:166) [tomcat-embed-core-9.0.31.jar:9.0.31]
	at org.apache.tomcat.websocket.server.WsFilter.doFilter(WsFilter.java:53) [tomcat-embed-websocket-9.0.31.jar:9.0.31]
	at org.apache.catalina.core.ApplicationFilterChain.internalDoFilter(ApplicationFilterChain.java:193) [tomcat-embed-core-9.0.31.jar:9.0.31]
	at org.apache.catalina.core.ApplicationFilterChain.doFilter(ApplicationFilterChain.java:166) [tomcat-embed-core-9.0.31.jar:9.0.31]
	at org.springframework.web.filter.RequestContextFilter.doFilterInternal(RequestContextFilter.java:100) [spring-web-5.1.14.RELEASE.jar:5.1.14.RELEASE]
	at org.springframework.web.filter.OncePerRequestFilter.doFilter(OncePerRequestFilter.java:119) [spring-web-5.1.14.RELEASE.jar:5.1.14.RELEASE]
	at org.apache.catalina.core.ApplicationFilterChain.internalDoFilter(ApplicationFilterChain.java:193) [tomcat-embed-core-9.0.31.jar:9.0.31]
	at org.apache.catalina.core.ApplicationFilterChain.doFilter(ApplicationFilterChain.java:166) [tomcat-embed-core-9.0.31.jar:9.0.31]
	at org.springframework.web.filter.FormContentFilter.doFilterInternal(FormContentFilter.java:93) [spring-web-5.1.14.RELEASE.jar:5.1.14.RELEASE]
	at org.springframework.web.filter.OncePerRequestFilter.doFilter(OncePerRequestFilter.java:119) [spring-web-5.1.14.RELEASE.jar:5.1.14.RELEASE]
	at org.apache.catalina.core.ApplicationFilterChain.internalDoFilter(ApplicationFilterChain.java:193) [tomcat-embed-core-9.0.31.jar:9.0.31]
	at org.apache.catalina.core.ApplicationFilterChain.doFilter(ApplicationFilterChain.java:166) [tomcat-embed-core-9.0.31.jar:9.0.31]
	at org.springframework.web.filter.HiddenHttpMethodFilter.doFilterInternal(HiddenHttpMethodFilter.java:94) [spring-web-5.1.14.RELEASE.jar:5.1.14.RELEASE]
	at org.springframework.web.filter.OncePerRequestFilter.doFilter(OncePerRequestFilter.java:119) [spring-web-5.1.14.RELEASE.jar:5.1.14.RELEASE]
	at org.apache.catalina.core.ApplicationFilterChain.internalDoFilter(ApplicationFilterChain.java:193) [tomcat-embed-core-9.0.31.jar:9.0.31]
	at org.apache.catalina.core.ApplicationFilterChain.doFilter(ApplicationFilterChain.java:166) [tomcat-embed-core-9.0.31.jar:9.0.31]
	at org.springframework.web.filter.CharacterEncodingFilter.doFilterInternal(CharacterEncodingFilter.java:201) [spring-web-5.1.14.RELEASE.jar:5.1.14.RELEASE]
	at org.springframework.web.filter.OncePerRequestFilter.doFilter(OncePerRequestFilter.java:119) [spring-web-5.1.14.RELEASE.jar:5.1.14.RELEASE]
	at org.apache.catalina.core.ApplicationFilterChain.internalDoFilter(ApplicationFilterChain.java:193) [tomcat-embed-core-9.0.31.jar:9.0.31]
	at org.apache.catalina.core.ApplicationFilterChain.doFilter(ApplicationFilterChain.java:166) [tomcat-embed-core-9.0.31.jar:9.0.31]
	at org.apache.catalina.core.StandardWrapperValve.invoke(StandardWrapperValve.java:202) [tomcat-embed-core-9.0.31.jar:9.0.31]
	at org.apache.catalina.core.StandardContextValve.invoke(StandardContextValve.java:96) [tomcat-embed-core-9.0.31.jar:9.0.31]
	at org.apache.catalina.authenticator.AuthenticatorBase.invoke(AuthenticatorBase.java:541) [tomcat-embed-core-9.0.31.jar:9.0.31]
	at org.apache.catalina.core.StandardHostValve.invoke(StandardHostValve.java:139) [tomcat-embed-core-9.0.31.jar:9.0.31]
	at org.apache.catalina.valves.ErrorReportValve.invoke(ErrorReportValve.java:92) [tomcat-embed-core-9.0.31.jar:9.0.31]
	at org.apache.catalina.core.StandardEngineValve.invoke(StandardEngineValve.java:74) [tomcat-embed-core-9.0.31.jar:9.0.31]
	at org.apache.catalina.connector.CoyoteAdapter.service(CoyoteAdapter.java:343) [tomcat-embed-core-9.0.31.jar:9.0.31]
	at org.apache.coyote.http11.Http11Processor.service(Http11Processor.java:367) [tomcat-embed-core-9.0.31.jar:9.0.31]
	at org.apache.coyote.AbstractProcessorLight.process(AbstractProcessorLight.java:65) [tomcat-embed-core-9.0.31.jar:9.0.31]
	at org.apache.coyote.AbstractProtocol$ConnectionHandler.process(AbstractProtocol.java:868) [tomcat-embed-core-9.0.31.jar:9.0.31]
	at org.apache.tomcat.util.net.NioEndpoint$SocketProcessor.doRun(NioEndpoint.java:1639) [tomcat-embed-core-9.0.31.jar:9.0.31]
	at org.apache.tomcat.util.net.SocketProcessorBase.run(SocketProcessorBase.java:49) [tomcat-embed-core-9.0.31.jar:9.0.31]
	at java.util.concurrent.ThreadPoolExecutor.runWorker(ThreadPoolExecutor.java:1149) [na:1.8.0_191]
	at java.util.concurrent.ThreadPoolExecutor$Worker.run(ThreadPoolExecutor.java:624) [na:1.8.0_191]
	at org.apache.tomcat.util.threads.TaskThread$WrappingRunnable.run(TaskThread.java:61) [tomcat-embed-core-9.0.31.jar:9.0.31]
	at java.lang.Thread.run(Thread.java:748) [na:1.8.0_191]

2020-03-09 18:03:50.253 ERROR 19256 --- [http-nio-8080-exec-1] o.a.c.c.C.[.[.[/].[dispatcherServlet]    : Servlet.service() for servlet [dispatcherServlet] in context with path [] threw exception [Request processing failed; nested exception is org.thymeleaf.exceptions.TemplateInputException: Error resolving template [local/inggdex], template might not exist or might not be accessible by any of the configured Template Resolvers] with root cause

org.thymeleaf.exceptions.TemplateInputException: Error resolving template [local/inggdex], template might not exist or might not be accessible by any of the configured Template Resolvers
	at org.thymeleaf.engine.TemplateManager.resolveTemplate(TemplateManager.java:869) ~[thymeleaf-3.0.11.RELEASE.jar:3.0.11.RELEASE]
	at org.thymeleaf.engine.TemplateManager.parseAndProcess(TemplateManager.java:607) ~[thymeleaf-3.0.11.RELEASE.jar:3.0.11.RELEASE]
	at org.thymeleaf.TemplateEngine.process(TemplateEngine.java:1098) ~[thymeleaf-3.0.11.RELEASE.jar:3.0.11.RELEASE]
	at org.thymeleaf.TemplateEngine.process(TemplateEngine.java:1072) ~[thymeleaf-3.0.11.RELEASE.jar:3.0.11.RELEASE]
	at org.thymeleaf.spring5.view.ThymeleafView.renderFragment(ThymeleafView.java:362) ~[thymeleaf-spring5-3.0.11.RELEASE.jar:3.0.11.RELEASE]
	at org.thymeleaf.spring5.view.ThymeleafView.render(ThymeleafView.java:189) ~[thymeleaf-spring5-3.0.11.RELEASE.jar:3.0.11.RELEASE]
	at org.springframework.web.servlet.DispatcherServlet.render(DispatcherServlet.java:1372) ~[spring-webmvc-5.1.14.RELEASE.jar:5.1.14.RELEASE]
	at org.springframework.web.servlet.DispatcherServlet.processDispatchResult(DispatcherServlet.java:1118) ~[spring-webmvc-5.1.14.RELEASE.jar:5.1.14.RELEASE]
	at org.springframework.web.servlet.DispatcherServlet.doDispatch(DispatcherServlet.java:1057) ~[spring-webmvc-5.1.14.RELEASE.jar:5.1.14.RELEASE]
	at org.springframework.web.servlet.DispatcherServlet.doService(DispatcherServlet.java:943) ~[spring-webmvc-5.1.14.RELEASE.jar:5.1.14.RELEASE]
	at org.springframework.web.servlet.FrameworkServlet.processRequest(FrameworkServlet.java:1006) ~[spring-webmvc-5.1.14.RELEASE.jar:5.1.14.RELEASE]
	at org.springframework.web.servlet.FrameworkServlet.doGet(FrameworkServlet.java:898) ~[spring-webmvc-5.1.14.RELEASE.jar:5.1.14.RELEASE]
	at javax.servlet.http.HttpServlet.service(HttpServlet.java:634) ~[tomcat-embed-core-9.0.31.jar:9.0.31]
	at org.springframework.web.servlet.FrameworkServlet.service(FrameworkServlet.java:883) ~[spring-webmvc-5.1.14.RELEASE.jar:5.1.14.RELEASE]
	at javax.servlet.http.HttpServlet.service(HttpServlet.java:741) ~[tomcat-embed-core-9.0.31.jar:9.0.31]
	at org.apache.catalina.core.ApplicationFilterChain.internalDoFilter(ApplicationFilterChain.java:231) ~[tomcat-embed-core-9.0.31.jar:9.0.31]
	at org.apache.catalina.core.ApplicationFilterChain.doFilter(ApplicationFilterChain.java:166) ~[tomcat-embed-core-9.0.31.jar:9.0.31]
	at org.apache.tomcat.websocket.server.WsFilter.doFilter(WsFilter.java:53) ~[tomcat-embed-websocket-9.0.31.jar:9.0.31]
	at org.apache.catalina.core.ApplicationFilterChain.internalDoFilter(ApplicationFilterChain.java:193) ~[tomcat-embed-core-9.0.31.jar:9.0.31]
	at org.apache.catalina.core.ApplicationFilterChain.doFilter(ApplicationFilterChain.java:166) ~[tomcat-embed-core-9.0.31.jar:9.0.31]
	at org.springframework.web.filter.RequestContextFilter.doFilterInternal(RequestContextFilter.java:100) ~[spring-web-5.1.14.RELEASE.jar:5.1.14.RELEASE]
	at org.springframework.web.filter.OncePerRequestFilter.doFilter(OncePerRequestFilter.java:119) ~[spring-web-5.1.14.RELEASE.jar:5.1.14.RELEASE]
	at org.apache.catalina.core.ApplicationFilterChain.internalDoFilter(ApplicationFilterChain.java:193) ~[tomcat-embed-core-9.0.31.jar:9.0.31]
	at org.apache.catalina.core.ApplicationFilterChain.doFilter(ApplicationFilterChain.java:166) ~[tomcat-embed-core-9.0.31.jar:9.0.31]
	at org.springframework.web.filter.FormContentFilter.doFilterInternal(FormContentFilter.java:93) ~[spring-web-5.1.14.RELEASE.jar:5.1.14.RELEASE]
	at org.springframework.web.filter.OncePerRequestFilter.doFilter(OncePerRequestFilter.java:119) ~[spring-web-5.1.14.RELEASE.jar:5.1.14.RELEASE]
	at org.apache.catalina.core.ApplicationFilterChain.internalDoFilter(ApplicationFilterChain.java:193) ~[tomcat-embed-core-9.0.31.jar:9.0.31]
	at org.apache.catalina.core.ApplicationFilterChain.doFilter(ApplicationFilterChain.java:166) ~[tomcat-embed-core-9.0.31.jar:9.0.31]
	at org.springframework.web.filter.HiddenHttpMethodFilter.doFilterInternal(HiddenHttpMethodFilter.java:94) ~[spring-web-5.1.14.RELEASE.jar:5.1.14.RELEASE]
	at org.springframework.web.filter.OncePerRequestFilter.doFilter(OncePerRequestFilter.java:119) ~[spring-web-5.1.14.RELEASE.jar:5.1.14.RELEASE]
	at org.apache.catalina.core.ApplicationFilterChain.internalDoFilter(ApplicationFilterChain.java:193) ~[tomcat-embed-core-9.0.31.jar:9.0.31]
	at org.apache.catalina.core.ApplicationFilterChain.doFilter(ApplicationFilterChain.java:166) ~[tomcat-embed-core-9.0.31.jar:9.0.31]
	at org.springframework.web.filter.CharacterEncodingFilter.doFilterInternal(CharacterEncodingFilter.java:201) ~[spring-web-5.1.14.RELEASE.jar:5.1.14.RELEASE]
	at org.springframework.web.filter.OncePerRequestFilter.doFilter(OncePerRequestFilter.java:119) ~[spring-web-5.1.14.RELEASE.jar:5.1.14.RELEASE]
	at org.apache.catalina.core.ApplicationFilterChain.internalDoFilter(ApplicationFilterChain.java:193) ~[tomcat-embed-core-9.0.31.jar:9.0.31]
	at org.apache.catalina.core.ApplicationFilterChain.doFilter(ApplicationFilterChain.java:166) ~[tomcat-embed-core-9.0.31.jar:9.0.31]
	at org.apache.catalina.core.StandardWrapperValve.invoke(StandardWrapperValve.java:202) ~[tomcat-embed-core-9.0.31.jar:9.0.31]
	at org.apache.catalina.core.StandardContextValve.invoke(StandardContextValve.java:96) [tomcat-embed-core-9.0.31.jar:9.0.31]
	at org.apache.catalina.authenticator.AuthenticatorBase.invoke(AuthenticatorBase.java:541) [tomcat-embed-core-9.0.31.jar:9.0.31]
	at org.apache.catalina.core.StandardHostValve.invoke(StandardHostValve.java:139) [tomcat-embed-core-9.0.31.jar:9.0.31]
	at org.apache.catalina.valves.ErrorReportValve.invoke(ErrorReportValve.java:92) [tomcat-embed-core-9.0.31.jar:9.0.31]
	at org.apache.catalina.core.StandardEngineValve.invoke(StandardEngineValve.java:74) [tomcat-embed-core-9.0.31.jar:9.0.31]
	at org.apache.catalina.connector.CoyoteAdapter.service(CoyoteAdapter.java:343) [tomcat-embed-core-9.0.31.jar:9.0.31]
	at org.apache.coyote.http11.Http11Processor.service(Http11Processor.java:367) [tomcat-embed-core-9.0.31.jar:9.0.31]
	at org.apache.coyote.AbstractProcessorLight.process(AbstractProcessorLight.java:65) [tomcat-embed-core-9.0.31.jar:9.0.31]
	at org.apache.coyote.AbstractProtocol$ConnectionHandler.process(AbstractProtocol.java:868) [tomcat-embed-core-9.0.31.jar:9.0.31]
	at org.apache.tomcat.util.net.NioEndpoint$SocketProcessor.doRun(NioEndpoint.java:1639) [tomcat-embed-core-9.0.31.jar:9.0.31]
	at org.apache.tomcat.util.net.SocketProcessorBase.run(SocketProcessorBase.java:49) [tomcat-embed-core-9.0.31.jar:9.0.31]
	at java.util.concurrent.ThreadPoolExecutor.runWorker(ThreadPoolExecutor.java:1149) [na:1.8.0_191]
	at java.util.concurrent.ThreadPoolExecutor$Worker.run(ThreadPoolExecutor.java:624) [na:1.8.0_191]
	at org.apache.tomcat.util.threads.TaskThread$WrappingRunnable.run(TaskThread.java:61) [tomcat-embed-core-9.0.31.jar:9.0.31]
	at java.lang.Thread.run(Thread.java:748) [na:1.8.0_191]

2020-03-09 18:05:36.730  INFO 10584 --- [main] c.example.schedule.ScheduleApplication   : Starting ScheduleApplication on WIN-UNMVK2M4DOL with PID 10584 (started by Administrator in C:\Users\Administrator\Desktop\博客\linux\study-demo-01-master\study-demo-01-master\schedule)
2020-03-09 18:05:36.734  INFO 10584 --- [main] c.example.schedule.ScheduleApplication   : No active profile set, falling back to default profiles: default
2020-03-09 18:05:37.944  INFO 10584 --- [main] o.s.b.w.embedded.tomcat.TomcatWebServer  : Tomcat initialized with port(s): 8080 (http)
2020-03-09 18:05:37.971  INFO 10584 --- [main] o.apache.catalina.core.StandardService   : Starting service [Tomcat]
2020-03-09 18:05:37.973  INFO 10584 --- [main] org.apache.catalina.core.StandardEngine  : Starting Servlet engine: [Apache Tomcat/9.0.31]
2020-03-09 18:05:38.093  INFO 10584 --- [main] o.a.c.c.C.[Tomcat].[localhost].[/]       : Initializing Spring embedded WebApplicationContext
2020-03-09 18:05:38.094  INFO 10584 --- [main] o.s.web.context.ContextLoader            : Root WebApplicationContext: initialization completed in 1295 ms
2020-03-09 18:05:38.307  INFO 10584 --- [main] o.s.s.concurrent.ThreadPoolTaskExecutor  : Initializing ExecutorService 'applicationTaskExecutor'
2020-03-09 18:05:38.485  INFO 10584 --- [main] o.s.s.c.ThreadPoolTaskScheduler          : Initializing ExecutorService 'taskScheduler'
2020-03-09 18:05:38.537  INFO 10584 --- [main] o.s.b.w.embedded.tomcat.TomcatWebServer  : Tomcat started on port(s): 8080 (http) with context path ''
2020-03-09 18:05:38.540  INFO 10584 --- [main] c.example.schedule.ScheduleApplication   : Started ScheduleApplication in 2.19 seconds (JVM running for 3.126)
2020-03-09 18:05:46.286  INFO 10584 --- [http-nio-8080-exec-1] o.apache.tomcat.util.http.parser.Cookie  : A cookie header was received [1582859995,1583054681; username-localhost-8888="2|1:0|10:1583324825|23:username-localhost-8888|44:ZTExMWUxMDFkOTZiNDA1ZDk5OTYyNjJkY2IzZWNmZTQ=|057d3e1c8aee574d91a336e016c695f85e6bacbc6696fa6a30d8ea6bde96d7f3"; _xsrf=2|a04e4163|ac3ad23d702468be8e0f20e9cc2a1cee|1583324825; monitor_count=10] that contained an invalid cookie. That cookie will be ignored.
 Note: further occurrences of this error will be logged at DEBUG level.
2020-03-09 18:05:46.294  INFO 10584 --- [http-nio-8080-exec-1] o.a.c.c.C.[Tomcat].[localhost].[/]       : Initializing Spring DispatcherServlet 'dispatcherServlet'
2020-03-09 18:05:46.294  INFO 10584 --- [http-nio-8080-exec-1] o.s.web.servlet.DispatcherServlet        : Initializing Servlet 'dispatcherServlet'
2020-03-09 18:05:46.301  INFO 10584 --- [http-nio-8080-exec-1] o.s.web.servlet.DispatcherServlet        : Completed initialization in 6 ms
2020-03-09 18:09:45.695  INFO 3980 --- [main] c.example.schedule.ScheduleApplication   : Starting ScheduleApplication on WIN-UNMVK2M4DOL with PID 3980 (started by Administrator in C:\Users\Administrator\Desktop\博客\linux\study-demo-01-master\study-demo-01-master\schedule)
2020-03-09 18:09:45.699  INFO 3980 --- [main] c.example.schedule.ScheduleApplication   : No active profile set, falling back to default profiles: default
2020-03-09 18:09:46.756  INFO 3980 --- [main] o.s.b.w.embedded.tomcat.TomcatWebServer  : Tomcat initialized with port(s): 8080 (http)
2020-03-09 18:09:46.777  INFO 3980 --- [main] o.apache.catalina.core.StandardService   : Starting service [Tomcat]
2020-03-09 18:09:46.778  INFO 3980 --- [main] org.apache.catalina.core.StandardEngine  : Starting Servlet engine: [Apache Tomcat/9.0.31]
2020-03-09 18:09:46.895  INFO 3980 --- [main] o.a.c.c.C.[Tomcat].[localhost].[/]       : Initializing Spring embedded WebApplicationContext
2020-03-09 18:09:46.895  INFO 3980 --- [main] o.s.web.context.ContextLoader            : Root WebApplicationContext: initialization completed in 1157 ms
2020-03-09 18:09:47.118  INFO 3980 --- [main] o.s.s.concurrent.ThreadPoolTaskExecutor  : Initializing ExecutorService 'applicationTaskExecutor'
2020-03-09 18:09:47.293  INFO 3980 --- [main] o.s.s.c.ThreadPoolTaskScheduler          : Initializing ExecutorService 'taskScheduler'
2020-03-09 18:09:47.353  INFO 3980 --- [main] o.s.b.w.embedded.tomcat.TomcatWebServer  : Tomcat started on port(s): 8080 (http) with context path ''
2020-03-09 18:09:47.357  INFO 3980 --- [main] c.example.schedule.ScheduleApplication   : Started ScheduleApplication in 2.056 seconds (JVM running for 3.008)
2020-03-09 18:09:53.887  INFO 3980 --- [http-nio-8080-exec-1] o.apache.tomcat.util.http.parser.Cookie  : A cookie header was received [1582859995,1583054681; username-localhost-8888="2|1:0|10:1583324825|23:username-localhost-8888|44:ZTExMWUxMDFkOTZiNDA1ZDk5OTYyNjJkY2IzZWNmZTQ=|057d3e1c8aee574d91a336e016c695f85e6bacbc6696fa6a30d8ea6bde96d7f3"; _xsrf=2|a04e4163|ac3ad23d702468be8e0f20e9cc2a1cee|1583324825; monitor_count=11] that contained an invalid cookie. That cookie will be ignored.
 Note: further occurrences of this error will be logged at DEBUG level.
2020-03-09 18:09:53.894  INFO 3980 --- [http-nio-8080-exec-1] o.a.c.c.C.[Tomcat].[localhost].[/]       : Initializing Spring DispatcherServlet 'dispatcherServlet'
2020-03-09 18:09:53.894  INFO 3980 --- [http-nio-8080-exec-1] o.s.web.servlet.DispatcherServlet        : Initializing Servlet 'dispatcherServlet'
2020-03-09 18:09:53.902  INFO 3980 --- [http-nio-8080-exec-1] o.s.web.servlet.DispatcherServlet        : Completed initialization in 7 ms
2020-03-10 00:16:55.310  INFO 14508 --- [main] c.example.schedule.ScheduleApplication   : Starting ScheduleApplication on WIN-UNMVK2M4DOL with PID 14508 (started by Administrator in C:\Users\Administrator\Desktop\博客\linux\study-demo-01-master\study-demo-01-master\schedule)
2020-03-10 00:16:55.327  INFO 14508 --- [main] c.example.schedule.ScheduleApplication   : No active profile set, falling back to default profiles: default
2020-03-10 00:16:58.083  INFO 14508 --- [main] o.s.b.w.embedded.tomcat.TomcatWebServer  : Tomcat initialized with port(s): 8080 (http)
2020-03-10 00:16:58.139  INFO 14508 --- [main] o.apache.catalina.core.StandardService   : Starting service [Tomcat]
2020-03-10 00:16:58.140  INFO 14508 --- [main] org.apache.catalina.core.StandardEngine  : Starting Servlet engine: [Apache Tomcat/9.0.31]
2020-03-10 00:16:58.384  INFO 14508 --- [main] o.a.c.c.C.[Tomcat].[localhost].[/]       : Initializing Spring embedded WebApplicationContext
2020-03-10 00:16:58.384  INFO 14508 --- [main] o.s.web.context.ContextLoader            : Root WebApplicationContext: initialization completed in 2839 ms
2020-03-10 00:16:58.697  INFO 14508 --- [main] o.s.s.concurrent.ThreadPoolTaskExecutor  : Initializing ExecutorService 'applicationTaskExecutor'
2020-03-10 00:16:58.937  INFO 14508 --- [main] o.s.s.c.ThreadPoolTaskScheduler          : Initializing ExecutorService 'taskScheduler'
2020-03-10 00:16:59.038  INFO 14508 --- [main] o.s.b.w.embedded.tomcat.TomcatWebServer  : Tomcat started on port(s): 8080 (http) with context path ''
2020-03-10 00:16:59.041  INFO 14508 --- [main] c.example.schedule.ScheduleApplication   : Started ScheduleApplication in 4.899 seconds (JVM running for 13.961)
2020-03-10 14:37:11.793  INFO 3036 --- [main] c.example.schedule.ScheduleApplication   : Starting ScheduleApplication on WIN-UNMVK2M4DOL with PID 3036 (started by Administrator in C:\Users\Administrator\Desktop\博客\linux\study-demo-01-master\study-demo-01-master\schedule)
2020-03-10 14:37:11.830  INFO 3036 --- [main] c.example.schedule.ScheduleApplication   : No active profile set, falling back to default profiles: default
2020-03-10 14:58:31.831  INFO 15624 --- [main] c.example.schedule.ScheduleApplication   : Starting ScheduleApplication on WIN-UNMVK2M4DOL with PID 15624 (started by Administrator in C:\Users\Administrator\Desktop\博客\linux\study-demo-01-master\study-demo-01-master\schedule)
2020-03-10 14:58:31.835  INFO 15624 --- [main] c.example.schedule.ScheduleApplication   : No active profile set, falling back to default profiles: default
2020-03-10 14:58:33.934  INFO 15624 --- [main] o.s.b.w.embedded.tomcat.TomcatWebServer  : Tomcat initialized with port(s): 8080 (http)
2020-03-10 14:58:33.996  INFO 15624 --- [main] o.apache.catalina.core.StandardService   : Starting service [Tomcat]
2020-03-10 14:58:33.997  INFO 15624 --- [main] org.apache.catalina.core.StandardEngine  : Starting Servlet engine: [Apache Tomcat/9.0.31]
2020-03-10 14:58:34.762  INFO 15624 --- [main] o.a.c.c.C.[Tomcat].[localhost].[/]       : Initializing Spring embedded WebApplicationContext
2020-03-10 14:58:34.763  INFO 15624 --- [main] o.s.web.context.ContextLoader            : Root WebApplicationContext: initialization completed in 2863 ms
2020-03-10 14:58:35.253  INFO 15624 --- [main] o.s.s.concurrent.ThreadPoolTaskExecutor  : Initializing ExecutorService 'applicationTaskExecutor'
2020-03-10 14:58:35.690  INFO 15624 --- [main] o.s.s.c.ThreadPoolTaskScheduler          : Initializing ExecutorService 'taskScheduler'
2020-03-10 14:58:35.826  INFO 15624 --- [main] o.s.b.w.embedded.tomcat.TomcatWebServer  : Tomcat started on port(s): 8080 (http) with context path ''
2020-03-10 14:58:35.829  INFO 15624 --- [main] c.example.schedule.ScheduleApplication   : Started ScheduleApplication in 1270.964 seconds (JVM running for 1280.187)
2020-03-10 15:13:27.535  INFO 3576 --- [main] c.example.schedule.ScheduleApplication   : Starting ScheduleApplication on WIN-UNMVK2M4DOL with PID 3576 (started by Administrator in C:\Users\Administrator\Desktop\博客\linux\study-demo-01-master\study-demo-01-master\schedule)
2020-03-10 15:13:27.539  INFO 3576 --- [main] c.example.schedule.ScheduleApplication   : No active profile set, falling back to default profiles: default
2020-03-10 15:15:00.339  INFO 3576 --- [main] o.s.b.w.embedded.tomcat.TomcatWebServer  : Tomcat initialized with port(s): 8080 (http)
2020-03-10 15:15:00.368  INFO 3576 --- [main] o.apache.catalina.core.StandardService   : Starting service [Tomcat]
2020-03-10 15:15:00.370  INFO 3576 --- [main] org.apache.catalina.core.StandardEngine  : Starting Servlet engine: [Apache Tomcat/9.0.31]
2020-03-10 15:15:00.542  INFO 3576 --- [main] o.a.c.c.C.[Tomcat].[localhost].[/]       : Initializing Spring embedded WebApplicationContext
2020-03-10 15:15:00.544  INFO 3576 --- [main] o.s.web.context.ContextLoader            : Root WebApplicationContext: initialization completed in 1429 ms
2020-03-10 15:15:00.860  INFO 3576 --- [main] o.s.s.concurrent.ThreadPoolTaskExecutor  : Initializing ExecutorService 'applicationTaskExecutor'
2020-03-10 15:15:01.123  INFO 3576 --- [main] o.s.s.c.ThreadPoolTaskScheduler          : Initializing ExecutorService 'taskScheduler'
2020-03-10 15:15:01.193  INFO 3576 --- [main] o.s.b.w.embedded.tomcat.TomcatWebServer  : Tomcat started on port(s): 8080 (http) with context path ''
2020-03-10 15:15:01.201  INFO 3576 --- [main] c.example.schedule.ScheduleApplication   : Started ScheduleApplication in 966.637 seconds (JVM running for 971.17)
2020-03-10 15:15:20.424  INFO 12552 --- [main] c.example.schedule.ScheduleApplication   : Starting ScheduleApplication on WIN-UNMVK2M4DOL with PID 12552 (started by Administrator in C:\Users\Administrator\Desktop\博客\linux\study-demo-01-master\study-demo-01-master\schedule)
2020-03-10 15:15:20.428  INFO 12552 --- [main] c.example.schedule.ScheduleApplication   : No active profile set, falling back to default profiles: default
2020-03-10 15:20:28.584  INFO 12552 --- [main] o.s.b.w.embedded.tomcat.TomcatWebServer  : Tomcat initialized with port(s): 8080 (http)
2020-03-10 15:20:28.612  INFO 12552 --- [main] o.apache.catalina.core.StandardService   : Starting service [Tomcat]
2020-03-10 15:20:28.613  INFO 12552 --- [main] org.apache.catalina.core.StandardEngine  : Starting Servlet engine: [Apache Tomcat/9.0.31]
2020-03-10 15:20:28.775  INFO 12552 --- [main] o.a.c.c.C.[Tomcat].[localhost].[/]       : Initializing Spring embedded WebApplicationContext
2020-03-10 15:20:28.776  INFO 12552 --- [main] o.s.web.context.ContextLoader            : Root WebApplicationContext: initialization completed in 1342 ms
2020-03-10 15:20:29.058  INFO 12552 --- [main] o.s.s.concurrent.ThreadPoolTaskExecutor  : Initializing ExecutorService 'applicationTaskExecutor'
2020-03-10 15:20:29.321  INFO 12552 --- [main] o.s.s.c.ThreadPoolTaskScheduler          : Initializing ExecutorService 'taskScheduler'
2020-03-10 15:20:29.421  INFO 12552 --- [main] o.s.b.w.embedded.tomcat.TomcatWebServer  : Tomcat started on port(s): 8080 (http) with context path ''
2020-03-10 15:20:29.426  INFO 12552 --- [main] c.example.schedule.ScheduleApplication   : Started ScheduleApplication in 312.687 seconds (JVM running for 315.873)
2020-03-10 15:34:31.919  INFO 13424 --- [main] c.example.schedule.ScheduleApplication   : Starting ScheduleApplication on WIN-UNMVK2M4DOL with PID 13424 (started by Administrator in C:\Users\Administrator\Desktop\博客\linux\study-demo-01-master\study-demo-01-master\schedule)
2020-03-10 15:34:31.923  INFO 13424 --- [main] c.example.schedule.ScheduleApplication   : No active profile set, falling back to default profiles: default
2020-03-10 15:38:31.842  INFO 13424 --- [main] o.s.b.w.embedded.tomcat.TomcatWebServer  : Tomcat initialized with port(s): 8080 (http)
2020-03-10 15:38:31.869  INFO 13424 --- [main] o.apache.catalina.core.StandardService   : Starting service [Tomcat]
2020-03-10 15:38:31.871  INFO 13424 --- [main] org.apache.catalina.core.StandardEngine  : Starting Servlet engine: [Apache Tomcat/9.0.31]
2020-03-10 15:38:32.031  INFO 13424 --- [main] o.a.c.c.C.[Tomcat].[localhost].[/]       : Initializing Spring embedded WebApplicationContext
2020-03-10 15:38:32.033  INFO 13424 --- [main] o.s.web.context.ContextLoader            : Root WebApplicationContext: initialization completed in 1422 ms
2020-03-10 15:38:32.315  INFO 13424 --- [main] o.s.s.concurrent.ThreadPoolTaskExecutor  : Initializing ExecutorService 'applicationTaskExecutor'
2020-03-10 15:38:32.570  INFO 13424 --- [main] o.s.s.c.ThreadPoolTaskScheduler          : Initializing ExecutorService 'taskScheduler'
2020-03-10 15:38:32.643  INFO 13424 --- [main] o.s.b.w.embedded.tomcat.TomcatWebServer  : Tomcat started on port(s): 8080 (http) with context path ''
2020-03-10 15:38:32.648  INFO 13424 --- [main] c.example.schedule.ScheduleApplication   : Started ScheduleApplication in 1077.666 seconds (JVM running for 1080.253)
2020-03-10 15:50:14.753  INFO 11508 --- [main] c.example.schedule.ScheduleApplication   : Starting ScheduleApplication on WIN-UNMVK2M4DOL with PID 11508 (started by Administrator in C:\Users\Administrator\Desktop\博客\linux\study-demo-01-master\study-demo-01-master\schedule)
2020-03-10 15:50:14.758  INFO 11508 --- [main] c.example.schedule.ScheduleApplication   : No active profile set, falling back to default profiles: default
2020-03-10 15:50:26.907  INFO 11508 --- [main] o.s.b.w.embedded.tomcat.TomcatWebServer  : Tomcat initialized with port(s): 8080 (http)
2020-03-10 15:50:26.935  INFO 11508 --- [main] o.apache.catalina.core.StandardService   : Starting service [Tomcat]
2020-03-10 15:50:26.937  INFO 11508 --- [main] org.apache.catalina.core.StandardEngine  : Starting Servlet engine: [Apache Tomcat/9.0.31]
2020-03-10 15:50:27.100  INFO 11508 --- [main] o.a.c.c.C.[Tomcat].[localhost].[/]       : Initializing Spring embedded WebApplicationContext
2020-03-10 15:50:27.101  INFO 11508 --- [main] o.s.web.context.ContextLoader            : Root WebApplicationContext: initialization completed in 1357 ms
2020-03-10 15:50:27.391  INFO 11508 --- [main] o.s.s.concurrent.ThreadPoolTaskExecutor  : Initializing ExecutorService 'applicationTaskExecutor'
2020-03-10 15:50:27.638  INFO 11508 --- [main] o.s.s.c.ThreadPoolTaskScheduler          : Initializing ExecutorService 'taskScheduler'
2020-03-10 15:50:27.717  INFO 11508 --- [main] o.s.b.w.embedded.tomcat.TomcatWebServer  : Tomcat started on port(s): 8080 (http) with context path ''
2020-03-10 15:50:27.723  INFO 11508 --- [main] c.example.schedule.ScheduleApplication   : Started ScheduleApplication in 653.528 seconds (JVM running for 657.294)
2020-03-10 15:50:41.811  INFO 7552 --- [main] c.example.schedule.ScheduleApplication   : Starting ScheduleApplication on WIN-UNMVK2M4DOL with PID 7552 (started by Administrator in C:\Users\Administrator\Desktop\博客\linux\study-demo-01-master\study-demo-01-master\schedule)
2020-03-10 15:50:41.815  INFO 7552 --- [main] c.example.schedule.ScheduleApplication   : No active profile set, falling back to default profiles: default
2020-03-10 15:52:15.984  INFO 16464 --- [main] c.example.schedule.ScheduleApplication   : Starting ScheduleApplication on WIN-UNMVK2M4DOL with PID 16464 (started by Administrator in C:\Users\Administrator\Desktop\博客\linux\study-demo-01-master\study-demo-01-master\schedule)
2020-03-10 15:52:15.987  INFO 16464 --- [main] c.example.schedule.ScheduleApplication   : No active profile set, falling back to default profiles: default
2020-03-10 15:52:36.866  INFO 16464 --- [main] o.s.b.w.embedded.tomcat.TomcatWebServer  : Tomcat initialized with port(s): 8080 (http)
2020-03-10 15:52:36.894  INFO 16464 --- [main] o.apache.catalina.core.StandardService   : Starting service [Tomcat]
2020-03-10 15:52:36.896  INFO 16464 --- [main] org.apache.catalina.core.StandardEngine  : Starting Servlet engine: [Apache Tomcat/9.0.31]
2020-03-10 15:52:37.063  INFO 16464 --- [main] o.a.c.c.C.[Tomcat].[localhost].[/]       : Initializing Spring embedded WebApplicationContext
2020-03-10 15:52:37.063  INFO 16464 --- [main] o.s.web.context.ContextLoader            : Root WebApplicationContext: initialization completed in 1421 ms
2020-03-10 15:52:37.363  INFO 16464 --- [main] o.s.s.concurrent.ThreadPoolTaskExecutor  : Initializing ExecutorService 'applicationTaskExecutor'
2020-03-10 15:52:37.604  INFO 16464 --- [main] o.s.s.c.ThreadPoolTaskScheduler          : Initializing ExecutorService 'taskScheduler'
2020-03-10 15:52:37.677  INFO 16464 --- [main] o.s.b.w.embedded.tomcat.TomcatWebServer  : Tomcat started on port(s): 8080 (http) with context path ''
2020-03-10 15:52:37.726  INFO 16464 --- [main] c.example.schedule.ScheduleApplication   : Started ScheduleApplication in 23.919 seconds (JVM running for 26.386)
2020-03-10 15:54:00.789  INFO 9792 --- [main] c.example.schedule.ScheduleApplication   : Starting ScheduleApplication on WIN-UNMVK2M4DOL with PID 9792 (started by Administrator in C:\Users\Administrator\Desktop\博客\linux\study-demo-01-master\study-demo-01-master\schedule)
2020-03-10 15:54:00.794  INFO 9792 --- [main] c.example.schedule.ScheduleApplication   : No active profile set, falling back to default profiles: default
